<?xml version="1.0" encoding="UTF-8"?>
<testsuite xmlns:xsi="http://www.w3.org/2001/XMLSchema-instance" xsi:noNamespaceSchemaLocation="https://maven.apache.org/surefire/maven-surefire-plugin/xsd/surefire-test-report.xsd" name="org.grapher.logic.EdgeTest" time="0.046" tests="1" errors="0" skipped="0" failures="0">
  <properties>
    <property name="sun.desktop" value="windows"/>
    <property name="awt.toolkit" value="sun.awt.windows.WToolkit"/>
    <property name="file.encoding.pkg" value="sun.io"/>
    <property name="java.specification.version" value="1.8"/>
    <property name="sun.cpu.isalist" value="amd64"/>
    <property name="sun.jnu.encoding" value="Cp1250"/>
    <property name="java.class.path" value="C:\Users\Sebastian\IdeaProjects\Projekt2\2022L_JIMP2_proj_git_gr2\proj_java\grapher\target\test-classes;C:\Users\Sebastian\IdeaProjects\Projekt2\2022L_JIMP2_proj_git_gr2\proj_java\grapher\target\classes;C:\Users\Sebastian\.m2\repository\junit\junit\4.11\junit-4.11.jar;C:\Users\Sebastian\.m2\repository\org\hamcrest\hamcrest-core\1.3\hamcrest-core-1.3.jar;"/>
    <property name="java.vm.vendor" value="BellSoft"/>
    <property name="sun.arch.data.model" value="64"/>
    <property name="user.variant" value=""/>
    <property name="java.vendor.url" value="https://bell-sw.com/"/>
    <property name="user.timezone" value="Europe/Belgrade"/>
    <property name="java.vm.specification.version" value="1.8"/>
    <property name="os.name" value="Windows 10"/>
    <property name="user.country" value="PL"/>
    <property name="sun.java.launcher" value="SUN_STANDARD"/>
    <property name="sun.boot.library.path" value="C:\Users\Sebastian\.jdks\liberica-1.8.0_332\jre\bin"/>
    <property name="sun.java.command" value="C:\Users\SEBAST~1\AppData\Local\Temp\surefire6726322480718989044\surefirebooter7134759502225085118.jar C:\Users\Sebastian\AppData\Local\Temp\surefire6726322480718989044 2022-06-08T02-36-40_749-jvmRun1 surefire6562992991315020484tmp surefire_04115975181784090735tmp"/>
    <property name="surefire.test.class.path" value="C:\Users\Sebastian\IdeaProjects\Projekt2\2022L_JIMP2_proj_git_gr2\proj_java\grapher\target\test-classes;C:\Users\Sebastian\IdeaProjects\Projekt2\2022L_JIMP2_proj_git_gr2\proj_java\grapher\target\classes;C:\Users\Sebastian\.m2\repository\junit\junit\4.11\junit-4.11.jar;C:\Users\Sebastian\.m2\repository\org\hamcrest\hamcrest-core\1.3\hamcrest-core-1.3.jar;"/>
    <property name="sun.cpu.endian" value="little"/>
    <property name="user.home" value="C:\Users\Sebastian"/>
    <property name="user.language" value="pl"/>
    <property name="java.specification.vendor" value="Oracle Corporation"/>
    <property name="java.home" value="C:\Users\Sebastian\.jdks\liberica-1.8.0_332\jre"/>
    <property name="basedir" value="C:\Users\Sebastian\IdeaProjects\Projekt2\2022L_JIMP2_proj_git_gr2\proj_java\grapher"/>
    <property name="file.separator" value="\"/>
    <property name="line.separator" value="&#10;"/>
    <property name="java.vm.specification.vendor" value="Oracle Corporation"/>
    <property name="java.specification.name" value="Java Platform API Specification"/>
    <property name="java.awt.graphicsenv" value="sun.awt.Win32GraphicsEnvironment"/>
    <property name="surefire.real.class.path" value="C:\Users\SEBAST~1\AppData\Local\Temp\surefire6726322480718989044\surefirebooter7134759502225085118.jar"/>
    <property name="sun.boot.class.path" value="C:\Users\Sebastian\.jdks\liberica-1.8.0_332\jre\lib\resources.jar;C:\Users\Sebastian\.jdks\liberica-1.8.0_332\jre\lib\rt.jar;C:\Users\Sebastian\.jdks\liberica-1.8.0_332\jre\lib\sunrsasign.jar;C:\Users\Sebastian\.jdks\liberica-1.8.0_332\jre\lib\jsse.jar;C:\Users\Sebastian\.jdks\liberica-1.8.0_332\jre\lib\jce.jar;C:\Users\Sebastian\.jdks\liberica-1.8.0_332\jre\lib\charsets.jar;C:\Users\Sebastian\.jdks\liberica-1.8.0_332\jre\lib\jfr.jar;C:\Users\Sebastian\.jdks\liberica-1.8.0_332\jre\classes"/>
    <property name="user.script" value=""/>
    <property name="sun.management.compiler" value="HotSpot 64-Bit Tiered Compilers"/>
    <property name="java.runtime.version" value="1.8.0_332-b09"/>
    <property name="user.name" value="Sebastian"/>
    <property name="path.separator" value=";"/>
    <property name="os.version" value="10.0"/>
    <property name="java.endorsed.dirs" value="C:\Users\Sebastian\.jdks\liberica-1.8.0_332\jre\lib\endorsed"/>
    <property name="java.runtime.name" value="OpenJDK Runtime Environment"/>
    <property name="file.encoding" value="Cp1250"/>
    <property name="java.vm.name" value="OpenJDK 64-Bit Server VM"/>
    <property name="localRepository" value="C:\Users\Sebastian\.m2\repository"/>
    <property name="java.vendor.url.bug" value="https://bell-sw.com/support"/>
    <property name="java.io.tmpdir" value="C:\Users\SEBAST~1\AppData\Local\Temp\"/>
    <property name="idea.version" value="2021.3.2"/>
    <property name="java.version" value="1.8.0_332"/>
    <property name="user.dir" value="C:\Users\Sebastian\IdeaProjects\Projekt2\2022L_JIMP2_proj_git_gr2\proj_java\grapher"/>
    <property name="os.arch" value="amd64"/>
    <property name="java.vm.specification.name" value="Java Virtual Machine Specification"/>
    <property name="java.awt.printerjob" value="sun.awt.windows.WPrinterJob"/>
    <property name="sun.os.patch.level" value=""/>
    <property name="java.library.path" value="C:\Users\Sebastian\.jdks\liberica-1.8.0_332\jre\bin;C:\WINDOWS\Sun\Java\bin;C:\WINDOWS\system32;C:\WINDOWS;C:\Program Files\Common Files\Oracle\Java\javapath;C:\ProgramData\Oracle\Java\javapath;C:\Program Files (x86)\Intel\Intel(R) Management Engine Components\iCLS\;C:\Program Files\Intel\Intel(R) Management Engine Components\iCLS\;C:\Windows\system32;C:\Windows;C:\Windows\System32\Wbem;C:\Windows\System32\WindowsPowerShell\v1.0\;C:\Windows\System32\OpenSSH\;C:\Program Files (x86)\NVIDIA Corporation\PhysX\Common;C:\Program Files (x86)\Intel\Intel(R) Management Engine Components\DAL;C:\Program Files\Intel\Intel(R) Management Engine Components\DAL;C:\Program Files (x86)\Intel\Intel(R) Management Engine Components\IPT;C:\Program Files\Intel\Intel(R) Management Engine Components\IPT;C:\Program Files\Intel\WiFi\bin\;C:\Program Files\Common Files\Intel\WirelessCommon\;C:\Program Files\NVIDIA Corporation\NVIDIA NvDLISR;C:\WINDOWS\system32;C:\WINDOWS;C:\WINDOWS\System32\Wbem;C:\WINDOWS\System32\WindowsPowerShell\v1.0\;C:\WINDOWS\System32\OpenSSH\;C:\Program Files\PuTTY\;C:\Program Files\Git\cmd;C:\path\opt\windows_64\bin;C:\MinGW\bin;C:\Program Files\dotnet\;C:\Program Files (x86)\Microsoft SQL Server\110\Tools\Binn\;C:\Program Files\Microsoft SQL Server\110\Tools\Binn\;C:\Program Files\Microsoft SQL Server\110\DTS\Binn\;C:\Program Files (x86)\Microsoft SQL Server\110\Tools\Binn\ManagementStudio\;C:\Program Files (x86)\Microsoft SQL Server\110\DTS\Binn\;C:\Users\Sebastian\Downloads\apache-maven-3.8.5-bin.zip\apache-maven-3.8.5\bin;C:\Users\Sebastian\AppData\Local\Microsoft\WindowsApps;C:\Users\Sebastian\AppData\Local\Programs\Microsoft VS Code\bin;C:\Program Files\Java\jdk-17.0.2\bin;C:\Program Files\JetBrains\IntelliJ IDEA Community Edition 2021.3.2\bin;;C:\Users\Sebastian\AppData\Local\Programs\MiKTeX\miktex\bin\x64\;."/>
    <property name="java.vm.info" value="mixed mode"/>
    <property name="java.vendor" value="BellSoft"/>
    <property name="java.vm.version" value="25.332-b09"/>
    <property name="java.ext.dirs" value="C:\Users\Sebastian\.jdks\liberica-1.8.0_332\jre\lib\ext;C:\WINDOWS\Sun\Java\lib\ext"/>
    <property name="sun.io.unicode.encoding" value="UnicodeLittle"/>
    <property name="java.class.version" value="52.0"/>
  </properties>
  <testcase name="testToString" classname="org.grapher.logic.EdgeTest" time="0.002"/>
</testsuite>